#-----------------------------------------------------------
# Vivado v2021.1 (64-bit)
# SW Build 3247384 on Thu Jun 10 19:36:33 MDT 2021
# IP Build 3246043 on Fri Jun 11 00:30:35 MDT 2021
# Start of session at: Sun Oct 24 13:09:20 2021
# Process ID: 9928
# Current directory: C:/Users/bobog/Desktop/School/ELEC 4200/lab8/project_8_1
# Command line: vivado.exe -gui_launcher_event rodinguilauncherevent4596 C:\Users\bobog\Desktop\School\ELEC 4200\lab8\project_8_1\project_8_1.xpr
# Log file: C:/Users/bobog/Desktop/School/ELEC 4200/lab8/project_8_1/vivado.log
# Journal file: C:/Users/bobog/Desktop/School/ELEC 4200/lab8/project_8_1\vivado.jou
#-----------------------------------------------------------
start_gui
open_project -read_only {C:/Users/bobog/Desktop/School/ELEC 4200/lab8/project_8_1/project_8_1.xpr}
INFO: [Project 1-313] Project file moved from 'C:/Users/gte0002/lab8_mod/project_8_1' since last save.
Scanning sources...
Finished scanning sources
WARNING: [Project 1-229] Project 'project_8_1.xpr' is read-only and therefore could not be upgraded for this version of Vivado.  Use 'File | Save Project As...' if you wish to save an upgraded copy.
INFO: [IP_Flow 19-234] Refreshing IP repositories
INFO: [IP_Flow 19-1704] No user IP repositories specified
INFO: [IP_Flow 19-2313] Loaded Vivado IP repository 'D:/Xilinx/Vivado/2021.1/data/ip'.
open_project: Time (s): cpu = 00:00:11 ; elapsed = 00:00:12 . Memory (MB): peak = 1118.539 ; gain = 0.000
update_compile_order -fileset sources_1
open_project -read_only {C:/Users/bobog/Desktop/School/ELEC 4200/lab8/project_8_2/project_8_2.xpr}
INFO: [Project 1-313] Project file moved from 'C:/Users/gte0002/lab8_mod/project_8_2' since last save.
Scanning sources...
Finished scanning sources
WARNING: [Project 1-229] Project 'project_8_2.xpr' is read-only and therefore could not be upgraded for this version of Vivado.  Use 'File | Save Project As...' if you wish to save an upgraded copy.
INFO: [IP_Flow 19-234] Refreshing IP repositories
INFO: [IP_Flow 19-1704] No user IP repositories specified
INFO: [IP_Flow 19-2313] Loaded Vivado IP repository 'D:/Xilinx/Vivado/2021.1/data/ip'.
update_compile_order -fileset sources_1
open_project -read_only {C:/Users/bobog/Desktop/School/ELEC 4200/lab8/project_8_3/project_8_3.xpr}
INFO: [Project 1-313] Project file moved from 'C:/Users/gte0002/lab8_mod/project_8_3' since last save.
Scanning sources...
Finished scanning sources
WARNING: [Project 1-229] Project 'project_8_3.xpr' is read-only and therefore could not be upgraded for this version of Vivado.  Use 'File | Save Project As...' if you wish to save an upgraded copy.
INFO: [IP_Flow 19-234] Refreshing IP repositories
INFO: [IP_Flow 19-1704] No user IP repositories specified
INFO: [IP_Flow 19-2313] Loaded Vivado IP repository 'D:/Xilinx/Vivado/2021.1/data/ip'.
update_compile_order -fileset sources_1
open_project -read_only {C:/Users/bobog/Desktop/School/ELEC 4200/lab8/project_8_4/project_8_4.xpr}
INFO: [Project 1-313] Project file moved from 'C:/Users/gte0002/lab8_mod/project_8_4' since last save.
Scanning sources...
Finished scanning sources
WARNING: [Project 1-229] Project 'project_8_4.xpr' is read-only and therefore could not be upgraded for this version of Vivado.  Use 'File | Save Project As...' if you wish to save an upgraded copy.
INFO: [IP_Flow 19-234] Refreshing IP repositories
INFO: [IP_Flow 19-1704] No user IP repositories specified
INFO: [IP_Flow 19-2313] Loaded Vivado IP repository 'D:/Xilinx/Vivado/2021.1/data/ip'.
update_compile_order -fileset sources_1
open_project -read_only {C:/Users/bobog/Desktop/School/ELEC 4200/lab8/project_8_5/project_8_5.xpr}
INFO: [Project 1-313] Project file moved from 'C:/Users/gte0002/lab8_mod/project_8_5' since last save.
Scanning sources...
Finished scanning sources
WARNING: [Project 1-229] Project 'project_8_5.xpr' is read-only and therefore could not be upgraded for this version of Vivado.  Use 'File | Save Project As...' if you wish to save an upgraded copy.
INFO: [IP_Flow 19-234] Refreshing IP repositories
INFO: [IP_Flow 19-1704] No user IP repositories specified
INFO: [IP_Flow 19-2313] Loaded Vivado IP repository 'D:/Xilinx/Vivado/2021.1/data/ip'.
update_compile_order -fileset sources_1
open_project -read_only {C:/Users/bobog/Desktop/School/ELEC 4200/lab8/project_8_6/project_8_6.xpr}
INFO: [Project 1-313] Project file moved from 'C:/Users/gte0002/lab8_mod/project_8_6' since last save.
Scanning sources...
Finished scanning sources
WARNING: [Project 1-229] Project 'project_8_6.xpr' is read-only and therefore could not be upgraded for this version of Vivado.  Use 'File | Save Project As...' if you wish to save an upgraded copy.
INFO: [IP_Flow 19-234] Refreshing IP repositories
INFO: [IP_Flow 19-1704] No user IP repositories specified
INFO: [IP_Flow 19-2313] Loaded Vivado IP repository 'D:/Xilinx/Vivado/2021.1/data/ip'.
update_compile_order -fileset sources_1
open_project -read_only {C:/Users/bobog/Desktop/School/ELEC 4200/lab8/project_8_7/project_8_7.xpr}
INFO: [Project 1-313] Project file moved from 'C:/Users/gte0002/lab8_mod/project_8_7' since last save.
Scanning sources...
Finished scanning sources
WARNING: [Project 1-229] Project 'project_8_7.xpr' is read-only and therefore could not be upgraded for this version of Vivado.  Use 'File | Save Project As...' if you wish to save an upgraded copy.
INFO: [IP_Flow 19-234] Refreshing IP repositories
INFO: [IP_Flow 19-1704] No user IP repositories specified
INFO: [IP_Flow 19-2313] Loaded Vivado IP repository 'D:/Xilinx/Vivado/2021.1/data/ip'.
update_compile_order -fileset sources_1
open_project -read_only {C:/Users/bobog/Desktop/School/ELEC 4200/lab8/project_8_8/project_8_8.xpr}
INFO: [Project 1-313] Project file moved from 'C:/Users/gte0002/lab8_mod/project_8_8' since last save.
Scanning sources...
Finished scanning sources
WARNING: [Project 1-229] Project 'project_8_8.xpr' is read-only and therefore could not be upgraded for this version of Vivado.  Use 'File | Save Project As...' if you wish to save an upgraded copy.
INFO: [IP_Flow 19-234] Refreshing IP repositories
INFO: [IP_Flow 19-1704] No user IP repositories specified
INFO: [IP_Flow 19-2313] Loaded Vivado IP repository 'D:/Xilinx/Vivado/2021.1/data/ip'.
update_compile_order -fileset sources_1
current_project project_8_1
close_project
current_project project_8_2
close_project
current_project project_8_3
close_project
current_project project_8_4
close_project
current_project project_8_5
close_project
current_project project_8_6
close_project
current_project project_8_7
close_project
exit
INFO: [Common 17-206] Exiting Vivado at Sun Oct 24 13:55:08 2021...
