#-----------------------------------------------------------
# Vivado v2021.1 (64-bit)
# SW Build 3247384 on Thu Jun 10 19:36:33 MDT 2021
# IP Build 3246043 on Fri Jun 11 00:30:35 MDT 2021
# Start of session at: Tue Aug 31 23:11:02 2021
# Process ID: 16844
# Current directory: C:/Users/bobog/Desktop/School/ELEC 4200/lab1/project_1_4
# Command line: vivado.exe -gui_launcher_event rodinguilauncherevent8224 C:\Users\bobog\Desktop\School\ELEC 4200\lab1\project_1_4\project_1_4.xpr
# Log file: C:/Users/bobog/Desktop/School/ELEC 4200/lab1/project_1_4/vivado.log
# Journal file: C:/Users/bobog/Desktop/School/ELEC 4200/lab1/project_1_4\vivado.jou
#-----------------------------------------------------------
start_gui
open_project -read_only {C:/Users/bobog/Desktop/School/ELEC 4200/lab1/project_1_4/project_1_4.xpr}
INFO: [Project 1-313] Project file moved from 'C:/Users/gte0002/lab1_mod/project_1_4' since last save.
Scanning sources...
Finished scanning sources
WARNING: [Project 1-229] Project 'project_1_4.xpr' is read-only and therefore could not be upgraded for this version of Vivado.  Use 'File | Save Project As...' if you wish to save an upgraded copy.
INFO: [IP_Flow 19-234] Refreshing IP repositories
INFO: [IP_Flow 19-1704] No user IP repositories specified
INFO: [IP_Flow 19-2313] Loaded Vivado IP repository 'D:/Xilinx/Vivado/2021.1/data/ip'.
open_project: Time (s): cpu = 00:00:12 ; elapsed = 00:00:06 . Memory (MB): peak = 1137.316 ; gain = 0.000
update_compile_order -fileset sources_1
open_project -read_only {C:/Users/bobog/Desktop/School/ELEC 4200/lab1/project_1/project_1.xpr}
INFO: [Project 1-313] Project file moved from 'C:/Users/gte0002/lab1_mod/project_1' since last save.
Scanning sources...
Finished scanning sources
WARNING: [Project 1-229] Project 'project_1.xpr' is read-only and therefore could not be upgraded for this version of Vivado.  Use 'File | Save Project As...' if you wish to save an upgraded copy.
INFO: [IP_Flow 19-234] Refreshing IP repositories
INFO: [IP_Flow 19-1704] No user IP repositories specified
INFO: [IP_Flow 19-2313] Loaded Vivado IP repository 'D:/Xilinx/Vivado/2021.1/data/ip'.
update_compile_order -fileset sources_1
close_project
open_project -read_only {C:/Users/bobog/Desktop/School/ELEC 4200/lab1/project_1_2/project_1_2.xpr}
INFO: [Project 1-313] Project file moved from 'C:/Users/gte0002/lab1_mod/project_1_2' since last save.
Scanning sources...
Finished scanning sources
WARNING: [Project 1-229] Project 'project_1_2.xpr' is read-only and therefore could not be upgraded for this version of Vivado.  Use 'File | Save Project As...' if you wish to save an upgraded copy.
INFO: [IP_Flow 19-234] Refreshing IP repositories
INFO: [IP_Flow 19-1704] No user IP repositories specified
INFO: [IP_Flow 19-2313] Loaded Vivado IP repository 'D:/Xilinx/Vivado/2021.1/data/ip'.
update_compile_order -fileset sources_1
close_project
open_project -read_only {C:/Users/bobog/Desktop/School/ELEC 4200/lab1/project_1_3/project_1_3.xpr}
INFO: [Project 1-313] Project file moved from 'C:/Users/gte0002/lab1_mod/project_1_3' since last save.
Scanning sources...
Finished scanning sources
WARNING: [Project 1-229] Project 'project_1_3.xpr' is read-only and therefore could not be upgraded for this version of Vivado.  Use 'File | Save Project As...' if you wish to save an upgraded copy.
INFO: [IP_Flow 19-234] Refreshing IP repositories
INFO: [IP_Flow 19-1704] No user IP repositories specified
INFO: [IP_Flow 19-2313] Loaded Vivado IP repository 'D:/Xilinx/Vivado/2021.1/data/ip'.
update_compile_order -fileset sources_1
close_project
close_project
open_project -read_only {C:/Users/bobog/Desktop/School/ELEC 4200/lab1/project_1_5/project_1_5.xpr}
INFO: [Project 1-313] Project file moved from 'C:/Users/gte0002/lab1_mod/project_1_5' since last save.
Scanning sources...
Finished scanning sources
WARNING: [Project 1-229] Project 'project_1_5.xpr' is read-only and therefore could not be upgraded for this version of Vivado.  Use 'File | Save Project As...' if you wish to save an upgraded copy.
INFO: [IP_Flow 19-234] Refreshing IP repositories
INFO: [IP_Flow 19-1704] No user IP repositories specified
INFO: [IP_Flow 19-2313] Loaded Vivado IP repository 'D:/Xilinx/Vivado/2021.1/data/ip'.
update_compile_order -fileset sources_1
exit
INFO: [Common 17-206] Exiting Vivado at Tue Aug 31 23:25:42 2021...
