#-----------------------------------------------------------
# Vivado v2021.1 (64-bit)
# SW Build 3247384 on Thu Jun 10 19:36:33 MDT 2021
# IP Build 3246043 on Fri Jun 11 00:30:35 MDT 2021
# Start of session at: Wed Sep  1 15:42:48 2021
# Process ID: 2848
# Current directory: C:/Users/bobog/Desktop/School/ELEC 4200/lab1/project_1_6
# Command line: vivado.exe -gui_launcher_event rodinguilauncherevent1936 C:\Users\bobog\Desktop\School\ELEC 4200\lab1\project_1_6\project_1_6.xpr
# Log file: C:/Users/bobog/Desktop/School/ELEC 4200/lab1/project_1_6/vivado.log
# Journal file: C:/Users/bobog/Desktop/School/ELEC 4200/lab1/project_1_6\vivado.jou
#-----------------------------------------------------------
start_gui
open_project {C:/Users/bobog/Desktop/School/ELEC 4200/lab1/project_1_6/project_1_6.xpr}
WARNING: [filemgmt 56-3] Default IP Output Path : Could not find the directory 'C:/Users/bobog/Desktop/School/ELEC 4200/lab1/project_1_6/project_1_6.gen/sources_1'.
WARNING: [filemgmt 56-3] IPUserFilesDir: Could not find the directory 'C:/Users/bobog/Desktop/School/ELEC 4200/lab1/project_1_6/project_1_6.ip_user_files'.
Scanning sources...
Finished scanning sources
INFO: [IP_Flow 19-234] Refreshing IP repositories
INFO: [IP_Flow 19-1704] No user IP repositories specified
INFO: [IP_Flow 19-2313] Loaded Vivado IP repository 'D:/Xilinx/Vivado/2021.1/data/ip'.
open_project: Time (s): cpu = 00:00:11 ; elapsed = 00:00:11 . Memory (MB): peak = 1460.980 ; gain = 0.000
update_compile_order -fileset sources_1
exit
INFO: [Common 17-206] Exiting Vivado at Wed Sep  1 15:46:50 2021...
