#-----------------------------------------------------------
# Vivado v2021.1 (64-bit)
# SW Build 3247384 on Thu Jun 10 19:36:33 MDT 2021
# IP Build 3246043 on Fri Jun 11 00:30:35 MDT 2021
# Start of session at: Fri Sep 24 09:38:06 2021
# Process ID: 18136
# Current directory: C:/Users/bobog/Desktop/School/ELEC 4200/lab1/project_1_2
# Command line: vivado.exe -gui_launcher_event rodinguilauncherevent18256 C:\Users\bobog\Desktop\School\ELEC 4200\lab1\project_1_2\project_1_2.xpr
# Log file: C:/Users/bobog/Desktop/School/ELEC 4200/lab1/project_1_2/vivado.log
# Journal file: C:/Users/bobog/Desktop/School/ELEC 4200/lab1/project_1_2\vivado.jou
#-----------------------------------------------------------
start_gui
open_project -read_only {C:/Users/bobog/Desktop/School/ELEC 4200/lab1/project_1_2/project_1_2.xpr}
INFO: [Project 1-313] Project file moved from 'C:/Users/gte0002/lab1_mod/project_1_2' since last save.
Scanning sources...
Finished scanning sources
WARNING: [Project 1-229] Project 'project_1_2.xpr' is read-only and therefore could not be upgraded for this version of Vivado.  Use 'File | Save Project As...' if you wish to save an upgraded copy.
INFO: [IP_Flow 19-234] Refreshing IP repositories
INFO: [IP_Flow 19-1704] No user IP repositories specified
INFO: [IP_Flow 19-2313] Loaded Vivado IP repository 'D:/Xilinx/Vivado/2021.1/data/ip'.
open_project: Time (s): cpu = 00:00:11 ; elapsed = 00:00:13 . Memory (MB): peak = 1457.938 ; gain = 0.000
update_compile_order -fileset sources_1
close_project
open_project -read_only {C:/Users/bobog/Desktop/School/ELEC 4200/lab1/project_1_3/project_1_3.xpr}
INFO: [Project 1-313] Project file moved from 'C:/Users/gte0002/lab1_mod/project_1_3' since last save.
Scanning sources...
Finished scanning sources
WARNING: [Project 1-229] Project 'project_1_3.xpr' is read-only and therefore could not be upgraded for this version of Vivado.  Use 'File | Save Project As...' if you wish to save an upgraded copy.
INFO: [IP_Flow 19-234] Refreshing IP repositories
INFO: [IP_Flow 19-1704] No user IP repositories specified
INFO: [IP_Flow 19-2313] Loaded Vivado IP repository 'D:/Xilinx/Vivado/2021.1/data/ip'.
update_compile_order -fileset sources_1
close_project
open_project -read_only {C:/Users/bobog/Desktop/School/ELEC 4200/lab1/project_1_4/project_1_4.xpr}
INFO: [Project 1-313] Project file moved from 'C:/Users/gte0002/lab1_mod/project_1_4' since last save.
Scanning sources...
Finished scanning sources
WARNING: [Project 1-229] Project 'project_1_4.xpr' is read-only and therefore could not be upgraded for this version of Vivado.  Use 'File | Save Project As...' if you wish to save an upgraded copy.
INFO: [IP_Flow 19-234] Refreshing IP repositories
INFO: [IP_Flow 19-1704] No user IP repositories specified
INFO: [IP_Flow 19-2313] Loaded Vivado IP repository 'D:/Xilinx/Vivado/2021.1/data/ip'.
update_compile_order -fileset sources_1
close_project
open_project -read_only {C:/Users/bobog/Desktop/School/ELEC 4200/lab1/project_1_5/project_1_5.xpr}
INFO: [Project 1-313] Project file moved from 'C:/Users/gte0002/lab1_mod/project_1_5' since last save.
Scanning sources...
Finished scanning sources
WARNING: [Project 1-229] Project 'project_1_5.xpr' is read-only and therefore could not be upgraded for this version of Vivado.  Use 'File | Save Project As...' if you wish to save an upgraded copy.
INFO: [IP_Flow 19-234] Refreshing IP repositories
INFO: [IP_Flow 19-1704] No user IP repositories specified
INFO: [IP_Flow 19-2313] Loaded Vivado IP repository 'D:/Xilinx/Vivado/2021.1/data/ip'.
update_compile_order -fileset sources_1
synth_design -rtl -rtl_skip_mlo -name rtl_1
Command: synth_design -rtl -rtl_skip_mlo -name rtl_1
Starting synth_design
Using part: xc7a100tcsg324-1
Top: Lab1_3to1MUX
INFO: [Device 21-403] Loading part xc7a100tcsg324-1
---------------------------------------------------------------------------------
Starting RTL Elaboration : Time (s): cpu = 00:00:03 ; elapsed = 00:00:05 . Memory (MB): peak = 1547.055 ; gain = 89.117
---------------------------------------------------------------------------------
INFO: [Synth 8-6157] synthesizing module 'Lab1_3to1MUX' [C:/Users/bobog/Desktop/School/ELEC 4200/lab1/project_1_5/project_1_5.srcs/sources_1/new/Lab1_3to1MUX.v:24]
INFO: [Synth 8-6155] done synthesizing module 'Lab1_3to1MUX' (1#1) [C:/Users/bobog/Desktop/School/ELEC 4200/lab1/project_1_5/project_1_5.srcs/sources_1/new/Lab1_3to1MUX.v:24]
---------------------------------------------------------------------------------
Finished RTL Elaboration : Time (s): cpu = 00:00:05 ; elapsed = 00:00:06 . Memory (MB): peak = 1593.484 ; gain = 135.547
---------------------------------------------------------------------------------
---------------------------------------------------------------------------------
Start Handling Custom Attributes
---------------------------------------------------------------------------------
---------------------------------------------------------------------------------
Finished Handling Custom Attributes : Time (s): cpu = 00:00:05 ; elapsed = 00:00:07 . Memory (MB): peak = 1593.484 ; gain = 135.547
---------------------------------------------------------------------------------
---------------------------------------------------------------------------------
Finished RTL Optimization Phase 1 : Time (s): cpu = 00:00:05 ; elapsed = 00:00:07 . Memory (MB): peak = 1593.484 ; gain = 135.547
---------------------------------------------------------------------------------
Netlist sorting complete. Time (s): cpu = 00:00:00 ; elapsed = 00:00:00 . Memory (MB): peak = 1593.484 ; gain = 0.000
INFO: [Project 1-570] Preparing netlist for logic optimization

Processing XDC Constraints
Initializing timing engine
Parsing XDC File [C:/Users/bobog/Desktop/School/ELEC 4200/lab1/project_1_5/project_1_5.srcs/constrs_1/new/Master_Constraints.xdc]
Finished Parsing XDC File [C:/Users/bobog/Desktop/School/ELEC 4200/lab1/project_1_5/project_1_5.srcs/constrs_1/new/Master_Constraints.xdc]
Completed Processing XDC Constraints

Netlist sorting complete. Time (s): cpu = 00:00:00 ; elapsed = 00:00:00 . Memory (MB): peak = 1658.859 ; gain = 0.000
INFO: [Project 1-111] Unisim Transformation Summary:
No Unisim elements were transformed.

RTL Elaboration Complete:  : Time (s): cpu = 00:00:13 ; elapsed = 00:00:12 . Memory (MB): peak = 1771.055 ; gain = 313.117
5 Infos, 0 Warnings, 0 Critical Warnings and 0 Errors encountered.
synth_design completed successfully
synth_design: Time (s): cpu = 00:00:16 ; elapsed = 00:00:30 . Memory (MB): peak = 1771.055 ; gain = 313.117
close_project
open_project -read_only {C:/Users/bobog/Desktop/School/ELEC 4200/lab2/project_2_1/project_2_1.xpr}
INFO: [Project 1-313] Project file moved from 'C:/Users/gte0002/lab2_mod/project_2_1' since last save.
Scanning sources...
Finished scanning sources
WARNING: [Project 1-229] Project 'project_2_1.xpr' is read-only and therefore could not be upgraded for this version of Vivado.  Use 'File | Save Project As...' if you wish to save an upgraded copy.
INFO: [IP_Flow 19-234] Refreshing IP repositories
INFO: [IP_Flow 19-1704] No user IP repositories specified
INFO: [IP_Flow 19-2313] Loaded Vivado IP repository 'D:/Xilinx/Vivado/2021.1/data/ip'.
update_compile_order -fileset sources_1
close_project
open_project -read_only {C:/Users/bobog/Desktop/School/ELEC 4200/lab2/project_2_4/project_2_4.xpr}
INFO: [Project 1-313] Project file moved from 'C:/Users/gte0002/lab2_mod/project_2_4' since last save.
Scanning sources...
Finished scanning sources
WARNING: [Project 1-229] Project 'project_2_4.xpr' is read-only and therefore could not be upgraded for this version of Vivado.  Use 'File | Save Project As...' if you wish to save an upgraded copy.
INFO: [IP_Flow 19-234] Refreshing IP repositories
INFO: [IP_Flow 19-1704] No user IP repositories specified
INFO: [IP_Flow 19-2313] Loaded Vivado IP repository 'D:/Xilinx/Vivado/2021.1/data/ip'.
update_compile_order -fileset sources_1
close_project
open_project -read_only {C:/Users/bobog/Desktop/School/ELEC 4200/lab2/project_2_6/project_2_6.xpr}
INFO: [Project 1-313] Project file moved from 'C:/Users/gte0002/lab2_mod/project_2_6' since last save.
Scanning sources...
Finished scanning sources
WARNING: [Project 1-229] Project 'project_2_6.xpr' is read-only and therefore could not be upgraded for this version of Vivado.  Use 'File | Save Project As...' if you wish to save an upgraded copy.
INFO: [IP_Flow 19-234] Refreshing IP repositories
INFO: [IP_Flow 19-1704] No user IP repositories specified
INFO: [IP_Flow 19-2313] Loaded Vivado IP repository 'D:/Xilinx/Vivado/2021.1/data/ip'.
update_compile_order -fileset sources_1
close_project
open_project -read_only {C:/Users/bobog/Desktop/School/ELEC 4200/lab3/project_3_1/project_3_1.xpr}
INFO: [Project 1-313] Project file moved from 'C:/Users/gte0002/lab3_mod/project_3_1' since last save.
Scanning sources...
Finished scanning sources
WARNING: [Project 1-229] Project 'project_3_1.xpr' is read-only and therefore could not be upgraded for this version of Vivado.  Use 'File | Save Project As...' if you wish to save an upgraded copy.
INFO: [IP_Flow 19-234] Refreshing IP repositories
INFO: [IP_Flow 19-1704] No user IP repositories specified
INFO: [IP_Flow 19-2313] Loaded Vivado IP repository 'D:/Xilinx/Vivado/2021.1/data/ip'.
update_compile_order -fileset sources_1
open_project -read_only {C:/Users/bobog/Desktop/School/ELEC 4200/lab3/project_3_2/project_3_2.xpr}
INFO: [Project 1-313] Project file moved from 'C:/Users/gte0002/lab3_mod/project_3_2' since last save.
Scanning sources...
Finished scanning sources
WARNING: [Project 1-229] Project 'project_3_2.xpr' is read-only and therefore could not be upgraded for this version of Vivado.  Use 'File | Save Project As...' if you wish to save an upgraded copy.
INFO: [IP_Flow 19-234] Refreshing IP repositories
INFO: [IP_Flow 19-1704] No user IP repositories specified
INFO: [IP_Flow 19-2313] Loaded Vivado IP repository 'D:/Xilinx/Vivado/2021.1/data/ip'.
update_compile_order -fileset sources_1
current_project project_3_1
close_project
close_project
open_project -read_only {C:/Users/bobog/Desktop/School/ELEC 4200/lab3/project_3_3/project_3_3.xpr}
INFO: [Project 1-313] Project file moved from 'C:/Users/gte0002/lab3_mod/project_3_3' since last save.
Scanning sources...
Finished scanning sources
WARNING: [Project 1-229] Project 'project_3_3.xpr' is read-only and therefore could not be upgraded for this version of Vivado.  Use 'File | Save Project As...' if you wish to save an upgraded copy.
INFO: [IP_Flow 19-234] Refreshing IP repositories
INFO: [IP_Flow 19-1704] No user IP repositories specified
INFO: [IP_Flow 19-2313] Loaded Vivado IP repository 'D:/Xilinx/Vivado/2021.1/data/ip'.
update_compile_order -fileset sources_1
close_project
open_project -read_only {C:/Users/bobog/Desktop/School/ELEC 4200/lab3/project_3_4/project_3_4.xpr}
INFO: [Project 1-313] Project file moved from 'C:/Users/gte0002/lab3_mod/project_3_4' since last save.
Scanning sources...
Finished scanning sources
WARNING: [Project 1-229] Project 'project_3_4.xpr' is read-only and therefore could not be upgraded for this version of Vivado.  Use 'File | Save Project As...' if you wish to save an upgraded copy.
INFO: [IP_Flow 19-234] Refreshing IP repositories
INFO: [IP_Flow 19-1704] No user IP repositories specified
INFO: [IP_Flow 19-2313] Loaded Vivado IP repository 'D:/Xilinx/Vivado/2021.1/data/ip'.
update_compile_order -fileset sources_1
close_project
open_project -read_only {C:/Users/bobog/Desktop/School/ELEC 4200/lab4/project_4_1/project_4_1.xpr}
INFO: [Project 1-313] Project file moved from 'C:/Users/gte0002/lab4_mod/project_4_1' since last save.
Scanning sources...
Finished scanning sources
WARNING: [Project 1-229] Project 'project_4_1.xpr' is read-only and therefore could not be upgraded for this version of Vivado.  Use 'File | Save Project As...' if you wish to save an upgraded copy.
INFO: [IP_Flow 19-234] Refreshing IP repositories
INFO: [IP_Flow 19-1704] No user IP repositories specified
INFO: [IP_Flow 19-2313] Loaded Vivado IP repository 'D:/Xilinx/Vivado/2021.1/data/ip'.
update_compile_order -fileset sources_1
close_project
open_project -read_only {C:/Users/bobog/Desktop/School/ELEC 4200/lab4/project_4_2/project_4_2.xpr}
INFO: [Project 1-313] Project file moved from 'C:/Users/gte0002/lab4_mod/project_4_2' since last save.
Scanning sources...
Finished scanning sources
WARNING: [Project 1-229] Project 'project_4_2.xpr' is read-only and therefore could not be upgraded for this version of Vivado.  Use 'File | Save Project As...' if you wish to save an upgraded copy.
INFO: [IP_Flow 19-234] Refreshing IP repositories
INFO: [IP_Flow 19-1704] No user IP repositories specified
INFO: [IP_Flow 19-2313] Loaded Vivado IP repository 'D:/Xilinx/Vivado/2021.1/data/ip'.
update_compile_order -fileset sources_1
close_project
open_project -read_only {C:/Users/bobog/Desktop/School/ELEC 4200/lab4/project_4_3/project_4_3.xpr}
INFO: [Project 1-313] Project file moved from 'C:/Users/gte0002/lab4_mod/project_4_3' since last save.
Scanning sources...
Finished scanning sources
WARNING: [Project 1-229] Project 'project_4_3.xpr' is read-only and therefore could not be upgraded for this version of Vivado.  Use 'File | Save Project As...' if you wish to save an upgraded copy.
INFO: [IP_Flow 19-234] Refreshing IP repositories
INFO: [IP_Flow 19-1704] No user IP repositories specified
INFO: [IP_Flow 19-2313] Loaded Vivado IP repository 'D:/Xilinx/Vivado/2021.1/data/ip'.
update_compile_order -fileset sources_1
close_project
open_project {C:/Users/bobog/Desktop/School/ELEC 4200/lab5/project_5_1/project_5_1.xpr}
WARNING: [filemgmt 56-3] Default IP Output Path : Could not find the directory 'C:/Users/bobog/Desktop/School/ELEC 4200/lab5/project_5_1/project_5_1.gen/sources_1'.
Scanning sources...
Finished scanning sources
INFO: [IP_Flow 19-234] Refreshing IP repositories
INFO: [IP_Flow 19-1704] No user IP repositories specified
INFO: [IP_Flow 19-2313] Loaded Vivado IP repository 'D:/Xilinx/Vivado/2021.1/data/ip'.
update_compile_order -fileset sources_1
exit
INFO: [Common 17-206] Exiting Vivado at Fri Sep 24 10:50:20 2021...
