#-----------------------------------------------------------
# Vivado v2021.1 (64-bit)
# SW Build 3247384 on Thu Jun 10 19:36:33 MDT 2021
# IP Build 3246043 on Fri Jun 11 00:30:35 MDT 2021
# Start of session at: Mon Sep 27 11:56:22 2021
# Process ID: 6032
# Current directory: C:/Users/bobog/Desktop/School/ELEC 4200/lab5/project_5_1
# Command line: vivado.exe -gui_launcher_event rodinguilauncherevent21848 C:\Users\bobog\Desktop\School\ELEC 4200\lab5\project_5_1\project_5_1.xpr
# Log file: C:/Users/bobog/Desktop/School/ELEC 4200/lab5/project_5_1/vivado.log
# Journal file: C:/Users/bobog/Desktop/School/ELEC 4200/lab5/project_5_1\vivado.jou
#-----------------------------------------------------------
start_gui
open_project -read_only {C:/Users/bobog/Desktop/School/ELEC 4200/lab5/project_5_1/project_5_1.xpr}
INFO: [Project 1-313] Project file moved from 'C:/Users/gte0002/lab5_mod/project_5_1' since last save.
Scanning sources...
Finished scanning sources
WARNING: [Project 1-229] Project 'project_5_1.xpr' is read-only and therefore could not be upgraded for this version of Vivado.  Use 'File | Save Project As...' if you wish to save an upgraded copy.
INFO: [IP_Flow 19-234] Refreshing IP repositories
INFO: [IP_Flow 19-1704] No user IP repositories specified
INFO: [IP_Flow 19-2313] Loaded Vivado IP repository 'D:/Xilinx/Vivado/2021.1/data/ip'.
open_project: Time (s): cpu = 00:00:12 ; elapsed = 00:00:13 . Memory (MB): peak = 1455.758 ; gain = 0.000
update_compile_order -fileset sources_1
open_project -read_only {C:/Users/bobog/Desktop/School/ELEC 4200/lab5/project_5_2/project_5_2.xpr}
INFO: [Project 1-313] Project file moved from 'C:/Users/gte0002/lab5_mod/project_5_2' since last save.
Scanning sources...
Finished scanning sources
WARNING: [Project 1-229] Project 'project_5_2.xpr' is read-only and therefore could not be upgraded for this version of Vivado.  Use 'File | Save Project As...' if you wish to save an upgraded copy.
INFO: [IP_Flow 19-234] Refreshing IP repositories
INFO: [IP_Flow 19-1704] No user IP repositories specified
INFO: [IP_Flow 19-2313] Loaded Vivado IP repository 'D:/Xilinx/Vivado/2021.1/data/ip'.
update_compile_order -fileset sources_1
open_project -read_only {C:/Users/bobog/Desktop/School/ELEC 4200/lab5/project_5_3/project_5_3.xpr}
INFO: [Project 1-313] Project file moved from 'C:/Users/gte0002/lab5_mod/project_5_3' since last save.
Scanning sources...
Finished scanning sources
WARNING: [Project 1-229] Project 'project_5_3.xpr' is read-only and therefore could not be upgraded for this version of Vivado.  Use 'File | Save Project As...' if you wish to save an upgraded copy.
INFO: [IP_Flow 19-234] Refreshing IP repositories
INFO: [IP_Flow 19-1704] No user IP repositories specified
INFO: [IP_Flow 19-2313] Loaded Vivado IP repository 'D:/Xilinx/Vivado/2021.1/data/ip'.
update_compile_order -fileset sources_1
current_project project_5_1
close_project
current_project project_5_2
close_project
exit
INFO: [Common 17-206] Exiting Vivado at Mon Sep 27 12:40:56 2021...
