#-----------------------------------------------------------
# Vivado v2018.1 (64-bit)
# SW Build 2188600 on Wed Apr  4 18:40:38 MDT 2018
# IP Build 2185939 on Wed Apr  4 20:55:05 MDT 2018
# Start of session at: Thu Aug 26 08:33:53 2021
# Process ID: 8804
# Current directory: C:/Users/gte0002/lab1_mod/project_1
# Command line: vivado.exe -gui_launcher_event rodinguilauncherevent2196 C:\Users\gte0002\lab1_mod\project_1\project_1.xpr
# Log file: C:/Users/gte0002/lab1_mod/project_1/vivado.log
# Journal file: C:/Users/gte0002/lab1_mod/project_1\vivado.jou
#-----------------------------------------------------------
INFO: [Common 17-1239] XILINX_LOCAL_USER_DATA is set to 'no'.
start_gui
open_project C:/Users/gte0002/lab1_mod/project_1/project_1.xpr
Scanning sources...
Finished scanning sources
INFO: [IP_Flow 19-234] Refreshing IP repositories
INFO: [IP_Flow 19-1704] No user IP repositories specified
INFO: [IP_Flow 19-2313] Loaded Vivado IP repository 'C:/Xilinx/Vivado/2018.1/data/ip'.
open_project: Time (s): cpu = 00:00:11 ; elapsed = 00:00:06 . Memory (MB): peak = 863.102 ; gain = 119.789
update_compile_order -fileset sources_1
exit
INFO: [Common 17-206] Exiting Vivado at Thu Aug 26 08:34:29 2021...
