
*** Running vivado
    with args -log Lab2_FA_and_RCA.vds -m64 -product Vivado -mode batch -messageDb vivado.pb -notrace -source Lab2_FA_and_RCA.tcl


****** Vivado v2018.1 (64-bit)
  **** SW Build 2188600 on Wed Apr  4 18:40:38 MDT 2018
  **** IP Build 2185939 on Wed Apr  4 20:55:05 MDT 2018
    ** Copyright 1986-2018 Xilinx, Inc. All Rights Reserved.

INFO: [Common 17-1239] XILINX_LOCAL_USER_DATA is set to 'no'.
source Lab2_FA_and_RCA.tcl -notrace
Command: synth_design -top Lab2_FA_and_RCA -part xc7a100tcsg324-1
Starting synth_design
Attempting to get a license for feature 'Synthesis' and/or device 'xc7a100t'
INFO: [Common 17-349] Got license for feature 'Synthesis' and/or device 'xc7a100t'
INFO: Launching helper process for spawning children vivado processes
INFO: Helper process launched with PID 9528 
---------------------------------------------------------------------------------
Starting RTL Elaboration : Time (s): cpu = 00:00:06 ; elapsed = 00:00:06 . Memory (MB): peak = 416.961 ; gain = 96.723
---------------------------------------------------------------------------------
INFO: [Synth 8-6157] synthesizing module 'Lab2_FA_and_RCA' [C:/Users/gte0002/lab2_mod/project_2_4/project_2_4.srcs/sources_1/new/Lab2_FA_and_RCA.v:24]
ERROR: [Synth 8-316] illegal module recursion detected [C:/Users/gte0002/lab2_mod/project_2_4/project_2_4.srcs/sources_1/new/Lab2_FA_and_RCA.v:40]
ERROR: [Synth 8-6156] failed synthesizing module 'Lab2_FA_and_RCA' [C:/Users/gte0002/lab2_mod/project_2_4/project_2_4.srcs/sources_1/new/Lab2_FA_and_RCA.v:24]
---------------------------------------------------------------------------------
Finished RTL Elaboration : Time (s): cpu = 00:00:07 ; elapsed = 00:00:07 . Memory (MB): peak = 471.859 ; gain = 151.621
---------------------------------------------------------------------------------
RTL Elaboration failed
INFO: [Common 17-83] Releasing license: Synthesis
3 Infos, 1 Warnings, 4 Critical Warnings and 3 Errors encountered.
synth_design failed
ERROR: [Common 17-69] Command failed: Synthesis failed - please see the console or run log file for details
INFO: [Common 17-206] Exiting Vivado at Thu Sep  2 10:52:50 2021...
