#-----------------------------------------------------------
# Vivado v2021.1 (64-bit)
# SW Build 3247384 on Thu Jun 10 19:36:33 MDT 2021
# IP Build 3246043 on Fri Jun 11 00:30:35 MDT 2021
# Start of session at: Tue Aug 31 23:02:59 2021
# Process ID: 7136
# Current directory: C:/Users/bobog/Desktop/School/ELEC 4200/lab1/project_1_3
# Command line: vivado.exe -gui_launcher_event rodinguilauncherevent19124 C:\Users\bobog\Desktop\School\ELEC 4200\lab1\project_1_3\project_1_3.xpr
# Log file: C:/Users/bobog/Desktop/School/ELEC 4200/lab1/project_1_3/vivado.log
# Journal file: C:/Users/bobog/Desktop/School/ELEC 4200/lab1/project_1_3\vivado.jou
#-----------------------------------------------------------
start_gui
open_project -read_only {C:/Users/bobog/Desktop/School/ELEC 4200/lab1/project_1_3/project_1_3.xpr}
INFO: [Project 1-313] Project file moved from 'C:/Users/gte0002/lab1_mod/project_1_3' since last save.
Scanning sources...
Finished scanning sources
WARNING: [Project 1-229] Project 'project_1_3.xpr' is read-only and therefore could not be upgraded for this version of Vivado.  Use 'File | Save Project As...' if you wish to save an upgraded copy.
INFO: [IP_Flow 19-234] Refreshing IP repositories
INFO: [IP_Flow 19-1704] No user IP repositories specified
INFO: [IP_Flow 19-2313] Loaded Vivado IP repository 'D:/Xilinx/Vivado/2021.1/data/ip'.
open_project: Time (s): cpu = 00:00:10 ; elapsed = 00:00:12 . Memory (MB): peak = 1455.898 ; gain = 0.000
update_compile_order -fileset sources_1
exit
INFO: [Common 17-206] Exiting Vivado at Tue Aug 31 23:10:55 2021...
